Log file open, 10/21/17 00:43:49
LogWindows: Failed to load 'aqProf.dll' (GetLastError=126)
LogWindows: File 'aqProf.dll' does not exist
LogWindows: Failed to load 'VtuneApi.dll' (GetLastError=126)
LogWindows: File 'VtuneApi.dll' does not exist
LogWindows: Failed to load 'VtuneApi32e.dll' (GetLastError=126)
LogWindows: File 'VtuneApi32e.dll' does not exist
LogInit: Display: Running engine for game: vr
LogPlatformFile: Not using cached read wrapper
LogInit: Display: RandInit(2050750327) SRandInit(2050750327).
LogTaskGraph: Started task graph with 5 named threads and 14 total threads with 3 sets of task threads.
LogStats: Stats thread started at 0.171476
LogD3D11RHI: Aftermath initialized
LogPluginManager: Mounting plugin Paper2D
LogPluginManager: Mounting plugin LightPropagationVolume
LogPluginManager: Mounting plugin CodeLiteSourceCodeAccess
LogPluginManager: Mounting plugin GitSourceControl
LogPluginManager: Mounting plugin KDevelopSourceCodeAccess
LogPluginManager: Mounting plugin NullSourceCodeAccess
LogPluginManager: Mounting plugin PerforceSourceControl
LogPluginManager: Mounting plugin SubversionSourceControl
LogPluginManager: Mounting plugin UObjectPlugin
LogPluginManager: Mounting plugin VisualStudioSourceCodeAccess
LogPluginManager: Mounting plugin XCodeSourceCodeAccess
LogPluginManager: Mounting plugin AssetManagerEditor
LogPluginManager: Mounting plugin AudioCapture
LogPluginManager: Mounting plugin FacialAnimation
LogPluginManager: Mounting plugin GameplayTagsEditor
LogPluginManager: Mounting plugin MobileLauncherProfileWizard
LogPluginManager: Mounting plugin PluginBrowser
LogPluginManager: Mounting plugin SpeedTreeImporter
LogPluginManager: Mounting plugin AlembicImporter
LogPluginManager: Mounting plugin CharacterAI
LogPluginManager: Mounting plugin HTML5Networking
LogPluginManager: Mounting plugin AndroidMedia
LogPluginManager: Mounting plugin AvfMedia
LogPluginManager: Mounting plugin MediaPlayerEditor
LogPluginManager: Mounting plugin WmfMedia
LogPluginManager: Mounting plugin TcpMessaging
LogPluginManager: Mounting plugin UdpMessaging
LogPluginManager: Mounting plugin LevelSequenceEditor
LogPluginManager: Mounting plugin MatineeToLevelSequence
LogPluginManager: Mounting plugin OnlineSubsystemGooglePlay
LogPluginManager: Mounting plugin OnlineSubsystemIOS
LogPluginManager: Mounting plugin OnlineSubsystem
LogPluginManager: Mounting plugin OnlineSubsystemNull
LogPluginManager: Mounting plugin OnlineSubsystemUtils
LogPluginManager: Mounting plugin AndroidDeviceProfileSelector
LogPluginManager: Mounting plugin AndroidMoviePlayer
LogPluginManager: Mounting plugin AndroidPermission
LogPluginManager: Mounting plugin AppleMoviePlayer
LogPluginManager: Mounting plugin ArchVisCharacter
LogPluginManager: Mounting plugin CableComponent
LogPluginManager: Mounting plugin CustomMeshComponent
LogPluginManager: Mounting plugin ExampleDeviceProfileSelector
LogPluginManager: Mounting plugin GoogleCloudMessaging
LogPluginManager: Mounting plugin ImmediatePhysics
LogPluginManager: Mounting plugin IOSDeviceProfileSelector
LogPluginManager: Mounting plugin LinuxDeviceProfileSelector
LogPluginManager: Mounting plugin LocationServicesBPLibrary
LogPluginManager: Mounting plugin MobilePatchingUtils
LogPluginManager: Mounting plugin OculusVR
LogPluginManager: Mounting plugin PhysXVehicles
LogPluginManager: Mounting plugin ProceduralMeshComponent
LogPluginManager: Mounting plugin RuntimePhysXCooking
LogPluginManager: Mounting plugin SteamVR
LogPluginManager: Mounting plugin WindowsMoviePlayer
LogInit: Using libcurl 7.47.1
LogInit:  - built for x86_64-pc-win32
LogInit:  - supports SSL with OpenSSL/1.0.2g
LogInit:  - supports HTTP deflate (compression) using libz 1.2.8
LogInit:  - other features:
LogInit:      CURL_VERSION_SSL
LogInit:      CURL_VERSION_LIBZ
LogInit:      CURL_VERSION_IPV6
LogInit:      CURL_VERSION_ASYNCHDNS
LogInit:      CURL_VERSION_LARGEFILE
LogInit:      CURL_VERSION_IDN
LogInit:  CurlRequestOptions (configurable via config and command line):
LogInit:  - bVerifyPeer = false  - Libcurl will NOT verify peer certificate
LogInit:  - bUseHttpProxy = false  - Libcurl will NOT use HTTP proxy
LogInit:  - bDontReuseConnections = false  - Libcurl will reuse connections
LogInit:  - CertBundlePath = nullptr  - Libcurl will use whatever was configured at build time.
LogHMD: Failed initializing OVRPlugin 1.15.0
LogInit: Build: ++UE4+Release-4.17-CL-3658906
LogInit: Engine Version: 4.17.2-3658906+++UE4+Release-4.17
LogInit: Compatible Engine Version: 4.17.0-3573198+++UE4+Release-4.17
LogInit: Net CL: 3573198
LogDevObjectVersion: Number of dev versions registered: 16
LogDevObjectVersion:   Dev-Blueprints (B0D832E4-1F89-4F0D-ACCF-7EB736FD4AA2): 10
LogDevObjectVersion:   Dev-Build (E1C64328-A22C-4D53-A36C-8E866417BD8C): 0
LogDevObjectVersion:   Dev-Core (375EC13C-06E4-48FB-B500-84F0262A717E): 2
LogDevObjectVersion:   Dev-Editor (E4B068ED-F494-42E9-A231-DA0B2E46BB41): 20
LogDevObjectVersion:   Dev-Framework (CFFC743F-43B0-4480-9391-14DF171D2073): 28
LogDevObjectVersion:   Dev-Mobile (B02B49B5-BB20-44E9-A304-32B752E40360): 0
LogDevObjectVersion:   Dev-Networking (A4E4105C-59A1-49B5-A7C5-40C4547EDFEE): 0
LogDevObjectVersion:   Dev-Online (39C831C9-5AE6-47DC-9A44-9C173E1C8E7C): 0
LogDevObjectVersion:   Dev-Physics (78F01B33-EBEA-4F98-B9B4-84EACCB95AA2): 0
LogDevObjectVersion:   Dev-Platform (6631380F-2D4D-43E0-8009-CF276956A95A): 0
LogDevObjectVersion:   Dev-Rendering (12F88B9F-8875-4AFC-A67C-D90C383ABD29): 19
LogDevObjectVersion:   Dev-Sequencer (7B5AE74C-D270-4C10-A958-57980B212A5A): 4
LogDevObjectVersion:   Dev-VR (D7296918-1DD6-4BDD-9DE2-64A83CC13884): 0
LogDevObjectVersion:   Dev-LoadTimes (C2A15278-BFE7-4AFE-6C17-90FF531DF755): 1
LogDevObjectVersion:   Private-Geometry (6EACA3D4-40EC-4CC1-B786-8BED09428FC5): 1
LogDevObjectVersion:   Dev-AnimPhys (29E575DD-E0A3-4627-9D10-D276232CDCEA): 7
LogInit: Compiled (64-bit): Sep 22 2017 13:47:16
LogInit: Compiled with Visual C++: 19.00.24215.01
LogInit: Build Configuration: Development
LogInit: Branch Name: ++UE4+Release-4.17
LogInit: Command line: 
LogInit: Base directory: C:/Unreal Engine/UE_4.17/Engine/Binaries/Win64/
LogInit: Installed Engine Build: 1
LogInit: Presizing for max 8388607 objects, including 0 objects not considered by GC, pre-allocating 0 bytes for permanent pool.
LogInit: Object subsystem initialized
[2017.10.20-15.43.50:981][  0]LogInit: Selected Device Profile: [Windows]
[2017.10.20-15.43.50:981][  0]LogInit: Applying CVar settings loaded from the selected device profile: [Windows]
[2017.10.20-15.43.51:007][  0]LogInit: Computer: ALIENWARE15-BIL
[2017.10.20-15.43.51:008][  0]LogInit: User: lv8c8
[2017.10.20-15.43.51:008][  0]LogInit: CPU Page size=4096, Cores=4
[2017.10.20-15.43.51:008][  0]LogInit: High frequency timer resolution =2.742190 MHz
[2017.10.20-15.43.51:008][  0]LogMemory: Memory total: Physical=15.9GB (16GB approx)
[2017.10.20-15.43.51:008][  0]LogMemory: Platform Memory Stats for Windows
[2017.10.20-15.43.51:008][  0]LogMemory: Process Physical Memory: 283.42 MB used, 283.42 MB peak
[2017.10.20-15.43.51:008][  0]LogMemory: Process Virtual Memory: 284.00 MB used, 284.00 MB peak
[2017.10.20-15.43.51:008][  0]LogMemory: Physical Memory: 5467.95 MB used,  10789.02 MB free, 16256.98 MB total
[2017.10.20-15.43.51:008][  0]LogMemory: Virtual Memory: 706.26 MB used,  10789.02 MB free, 134217728.00 MB total
[2017.10.20-15.43.51:358][  0]LogInit: Overriding language with editor language configuration option (en).
[2017.10.20-15.43.51:358][  0]LogInit: Overriding locale with editor locale configuration option (en).
[2017.10.20-15.43.51:984][  0]LogD3D11RHI: D3D11 adapters:
[2017.10.20-15.43.52:569][  0]LogD3D11RHI:    0. 'NVIDIA GeForce GTX 1070' (Feature Level 11_0)
[2017.10.20-15.43.52:569][  0]LogD3D11RHI:       8074/0/8128 MB DedicatedVideo/DedicatedSystem/SharedSystem, Outputs:1, VendorId:0x10de
[2017.10.20-15.43.52:589][  0]LogD3D11RHI:    1. 'Intel(R) HD Graphics 630' (Feature Level 11_0)
[2017.10.20-15.43.52:589][  0]LogD3D11RHI:       128/0/8128 MB DedicatedVideo/DedicatedSystem/SharedSystem, Outputs:0, VendorId:0x8086
[2017.10.20-15.43.52:590][  0]LogD3D11RHI:    2. 'Microsoft Basic Render Driver' (Feature Level 11_0)
[2017.10.20-15.43.52:590][  0]LogD3D11RHI:       0/0/8128 MB DedicatedVideo/DedicatedSystem/SharedSystem, Outputs:0, VendorId:0x1414
[2017.10.20-15.43.52:590][  0]LogD3D11RHI: Chosen D3D11 Adapter: 0
[2017.10.20-15.43.52:596][  0]LogD3D11RHI: Creating new Direct3DDevice
[2017.10.20-15.43.52:596][  0]LogD3D11RHI:     GPU DeviceId: 0x1be1 (for the marketing name, search the web for "GPU Device Id")
[2017.10.20-15.43.52:596][  0]LogWindows: EnumDisplayDevices:
[2017.10.20-15.43.52:597][  0]LogWindows:    0. 'NVIDIA GeForce GTX 1070' (P:1 D:1)
[2017.10.20-15.43.52:597][  0]LogWindows:    1. 'NVIDIA GeForce GTX 1070' (P:0 D:0)
[2017.10.20-15.43.52:597][  0]LogWindows:    2. 'NVIDIA GeForce GTX 1070' (P:0 D:0)
[2017.10.20-15.43.52:597][  0]LogWindows:    3. 'NVIDIA GeForce GTX 1070' (P:0 D:0)
[2017.10.20-15.43.52:597][  0]LogWindows:    4. 'Intel(R) HD Graphics 630' (P:0 D:0)
[2017.10.20-15.43.52:597][  0]LogWindows:    5. 'Intel(R) HD Graphics 630' (P:0 D:0)
[2017.10.20-15.43.52:597][  0]LogWindows:    6. 'Intel(R) HD Graphics 630' (P:0 D:0)
[2017.10.20-15.43.52:597][  0]LogWindows: DebugString: PrimaryIsNotTheChoosenAdapter PrimaryIsNotTheChoosenAdapter PrimaryIsNotTheChoosenAdapter FoundDriverCount:4 
[2017.10.20-15.43.52:597][  0]LogD3D11RHI:     Adapter Name: NVIDIA GeForce GTX 1070
[2017.10.20-15.43.52:597][  0]LogD3D11RHI:   Driver Version: 385.69 (internal:22.21.13.8569, unified:385.69)
[2017.10.20-15.43.52:597][  0]LogD3D11RHI:      Driver Date: 9-16-2017
[2017.10.20-15.43.52:597][  0]LogRHI: Texture pool is 1361 MB (70% of 1945 MB)
[2017.10.20-15.43.53:161][  0]LogD3D11RHI: Async texture creation enabled
[2017.10.20-15.43.53:194][  0]LogD3D11RHI: GPU Timing Frequency: 1000.000000 (Debug: 2 1)
[2017.10.20-15.43.53:236][  0]LogShaderCompilers: Guid format shader working directory is -3 characters bigger than the processId version (d:/Users/lv8c8/Documents/Unreal Projects/misa/vr/Intermediate/Shaders/WorkingDirectory/13476/).
[2017.10.20-15.43.53:236][  0]LogShaderCompilers: Cleaned the shader compiler working directory 'C:/Users/lv8c8/AppData/Local/Temp/UnrealShaderWorkingDir/BF730D34438D12E91C60B580072A9468/'.
[2017.10.20-15.43.53:236][  0]LogShaderCompilers: Display: Using Local Shader Compiler.
[2017.10.20-15.43.54:079][  0]LogTemp: Display: Loaded TP AllDesktopTargetPlatform
[2017.10.20-15.43.54:126][  0]LogTemp: Display: Loaded TP MacClientTargetPlatform
[2017.10.20-15.43.54:173][  0]LogTemp: Display: Loaded TP MacNoEditorTargetPlatform
[2017.10.20-15.43.54:223][  0]LogTemp: Display: Loaded TP MacServerTargetPlatform
[2017.10.20-15.43.54:270][  0]LogTemp: Display: Loaded TP MacTargetPlatform
[2017.10.20-15.43.54:319][  0]LogTemp: Display: Loaded TP WindowsClientTargetPlatform
[2017.10.20-15.43.54:366][  0]LogTemp: Display: Loaded TP WindowsNoEditorTargetPlatform
[2017.10.20-15.43.54:415][  0]LogTemp: Display: Loaded TP WindowsServerTargetPlatform
[2017.10.20-15.43.54:456][  0]LogTemp: Display: Loaded TP WindowsTargetPlatform
[2017.10.20-15.43.54:502][  0]LogTemp: Display: Loaded TP AndroidTargetPlatform
[2017.10.20-15.43.54:548][  0]LogTemp: Display: Loaded TP Android_ASTCTargetPlatform
[2017.10.20-15.43.54:594][  0]LogTemp: Display: Loaded TP Android_ATCTargetPlatform
[2017.10.20-15.43.54:640][  0]LogTemp: Display: Loaded TP Android_DXTTargetPlatform
[2017.10.20-15.43.54:684][  0]LogTemp: Display: Loaded TP Android_ETC1TargetPlatform
[2017.10.20-15.43.54:731][  0]LogTemp: Display: Loaded TP Android_ETC2TargetPlatform
[2017.10.20-15.43.54:823][  0]LogTemp: Display: Loaded TP Android_MultiTargetPlatform
[2017.10.20-15.43.54:823][  0]LogTemp: Display: Loaded TP Android_PVRTCTargetPlatform
[2017.10.20-15.43.54:860][  0]LogTemp: Display: Loaded TP HTML5TargetPlatform
[2017.10.20-15.43.54:948][  0]LogTemp: Display: Loaded TP IOSTargetPlatform
[2017.10.20-15.43.54:976][  0]LogTemp: Display: Loaded TP TVOSTargetPlatform
[2017.10.20-15.43.55:022][  0]LogTemp: Display: Loaded TP LinuxClientTargetPlatform
[2017.10.20-15.43.55:069][  0]LogTemp: Display: Loaded TP LinuxNoEditorTargetPlatform
[2017.10.20-15.43.55:116][  0]LogTemp: Display: Loaded TP LinuxServerTargetPlatform
[2017.10.20-15.43.55:163][  0]LogTemp: Display: Loaded TP LinuxTargetPlatform
[2017.10.20-15.43.55:163][  0]LogTargetPlatformManager: Display: Building Assets For Windows
[2017.10.20-15.43.55:620][  0]LogDerivedDataCache: Display: Max Cache Size: 512 MB
[2017.10.20-15.43.55:712][  0]LogDerivedDataCache: Loaded boot cache 0.09s 106MB C:/Users/lv8c8/AppData/Local/UnrealEngine/4.17/DerivedDataCache/Boot.ddc.
[2017.10.20-15.43.55:712][  0]LogDerivedDataCache: Display: Loaded Boot cache: C:/Users/lv8c8/AppData/Local/UnrealEngine/4.17/DerivedDataCache/Boot.ddc
[2017.10.20-15.43.55:712][  0]LogDerivedDataCache: FDerivedDataBackendGraph:  Pak pak cache file d:/Users/lv8c8/Documents/Unreal Projects/misa/vr/DerivedDataCache/DDC.ddp not found, will not use a pak cache.
[2017.10.20-15.43.55:712][  0]LogDerivedDataCache: Unable to find inner node Pak for hierarchical cache Hierarchy.
[2017.10.20-15.43.55:712][  0]LogDerivedDataCache: FDerivedDataBackendGraph:  CompressedPak pak cache file d:/Users/lv8c8/Documents/Unreal Projects/misa/vr/DerivedDataCache/Compressed.ddp not found, will not use a pak cache.
[2017.10.20-15.43.55:712][  0]LogDerivedDataCache: Unable to find inner node CompressedPak for hierarchical cache Hierarchy.
[2017.10.20-15.43.55:728][  0]LogDerivedDataCache: Display: Pak cache opened for reading ../../../Engine/DerivedDataCache/Compressed.ddp.
[2017.10.20-15.43.55:740][  0]LogDerivedDataCache: Using Local data cache path C:/Users/lv8c8/AppData/Local/UnrealEngine/Common/DerivedDataCache: Writable
[2017.10.20-15.43.55:750][  0]LogMaterial: Verifying Global Shaders for PCD3D_SM5
[2017.10.20-15.43.55:750][  0]LogSlate: Using Freetype 2.6.0
[2017.10.20-15.43.55:750][  0]LogSlate: SlateFontCache - WITH_FREETYPE: 1, WITH_HARFBUZZ: 1
[2017.10.20-15.43.55:751][  0]LogSlate: SlateFontCache - WITH_FREETYPE: 1, WITH_HARFBUZZ: 1
[2017.10.20-15.43.55:990][  0]LogAssetRegistry: FAssetRegistry took 0.0260 seconds to start up
[2017.10.20-15.43.56:096][  0]LogInit: Selected Device Profile: [Windows]
[2017.10.20-15.43.56:240][  0]LogContentStreaming: Texture pool size is 0.00 MB
[2017.10.20-15.43.56:526][  0]LogSimplygon: Simplygon DLL not present - disabling.
[2017.10.20-15.43.56:563][  0]LogMeshReduction: Using SimplygonSwarm for distributed automatic mesh merging
[2017.10.20-15.43.56:563][  0]LogMeshReduction: Using QuadricMeshReduction for automatic static mesh reduction
[2017.10.20-15.43.56:563][  0]LogMeshReduction: No automatic skeletal mesh reduction module available
[2017.10.20-15.43.56:563][  0]LogMeshReduction: No automatic mesh merging module available
[2017.10.20-15.43.56:563][  0]LogMeshMerging: No automatic mesh merging module available
[2017.10.20-15.43.56:891][  0]LogNetVersion: vr , NetCL: 3573198, EngineNetVer: 2, GameNetVer: 0 (Checksum: 2337289163)
[2017.10.20-15.43.57:109][  0]LogPackageLocalizationCache: Processed 5 localized package path(s) for 1 prioritized culture(s) in 0.067104 seconds
[2017.10.20-15.43.57:116][  0]LogUObjectArray: 35825 objects as part of root set at end of initial load.
[2017.10.20-15.43.57:116][  0]LogUObjectAllocator: 7529112 out of 0 bytes used by permanent object pool.
[2017.10.20-15.43.57:116][  0]LogUObjectArray: CloseDisregardForGC: 0/0 objects in disregard for GC pool
[2017.10.20-15.43.57:177][  0]LogInit: WinSock: version 1.1 (2.2), MaxSocks=32767, MaxUdp=65467
[2017.10.20-15.43.59:515][  0]LogTcpMessaging: Initializing TcpMessaging bridge
[2017.10.20-15.43.59:551][  0]LogUdpMessaging: Initializing bridge on interface 0.0.0.0:0 to multicast group 230.0.0.1:6666.
[2017.10.20-15.44.00:143][  0]LogMaterial: Uniform references updated for custom material expression Custom.
[2017.10.20-15.44.00:513][  0]SourceControl: Source control is disabled
[2017.10.20-15.44.00:513][  0]SourceControl: Source control is disabled
[2017.10.20-15.44.00:556][  0]SourceControl: Source control is disabled
[2017.10.20-15.44.00:601][  0]SourceControl: Source control is disabled
[2017.10.20-15.44.01:130][  0]LogAndroidPermission: UAndroidPermissionCallbackProxy::GetInstance
[2017.10.20-15.44.01:349][  0]LogOcInput: OculusInput pre-init called
[2017.10.20-15.44.01:587][  0]LogEngine: Initializing Engine...
[2017.10.20-15.44.07:458][  0]LogHMD: Failed to initialize OpenVR with code 108
[2017.10.20-15.44.07:679][  0]LogStats: UGameplayTagsManager::ConstructGameplayTagTree: Construct from data asset -  0.000 s
[2017.10.20-15.44.07:679][  0]LogStats: UGameplayTagsManager::ConstructGameplayTagTree: GameplayTagTreeChangedEvent.Broadcast -  0.000 s
[2017.10.20-15.44.07:810][  0]LogAIModule: Creating AISystem for world Untitled
[2017.10.20-15.44.07:822][  0]LogInit: XAudio2 using 'loudspeaker (Realtek Audio)' : 6 channels at 48 kHz using 32 bits per sample (channel mask 0x3f)
[2017.10.20-15.44.08:243][  0]LogInit: FAudioDevice initialized.
[2017.10.20-15.44.08:309][  0]LogDerivedDataCache: Saved boot cache 0.07s 106MB C:/Users/lv8c8/AppData/Local/UnrealEngine/4.17/DerivedDataCache/Boot.ddc.
[2017.10.20-15.44.08:326][  0]LogInit: Texture streaming: Enabled
[2017.10.20-15.44.08:439][  0]LogEngineSessionManager: EngineSessionManager initialized
[2017.10.20-15.44.08:652][  0]LogInit: Transaction tracking system initialized
[2017.10.20-15.44.08:948][  0]BlueprintLog: New page: Editor Load
[2017.10.20-15.44.09:781][  0]LocalizationService: Localization service is disabled
[2017.10.20-15.44.10:497][  0]LogConsoleResponse: Display: 
[2017.10.20-15.44.10:876][  0]LogCook: Display: Max memory allowance for cook 16384mb min free memory 0mb
[2017.10.20-15.44.10:877][  0]LogCook: Display: Mobile HDR setting 1
[2017.10.20-15.44.10:877][  0]LogGameplayTags: Display: UGameplayTagsManager::DoneAddingNativeTags. DelegateIsBound: 0
[2017.10.20-15.44.10:903][  0]LogFileCache: Scanning file cache for directory 'd:/Users/lv8c8/Documents/Unreal Projects/misa/vr/Content/' took 0.02s
[2017.10.20-15.44.11:858][  0]SourceControl: Source control is disabled
[2017.10.20-15.44.11:858][  0]Cmd: MAP LOAD FILE="d:/Users/lv8c8/Documents/Unreal Projects/misa/vr/Content/VirtualRealityBP/Maps/MotionControllerMap.umap" TEMPLATE=0 SHOWPROGRESS=1 FEATURELEVEL=3
[2017.10.20-15.44.11:858][  0]LightingResults: New page: Lighting Build
[2017.10.20-15.44.11:900][  0]MapCheck: New page: Map Check
[2017.10.20-15.44.11:900][  0]LightingResults: New page: Lighting Build
[2017.10.20-15.44.12:879][  0]LogAIModule: Creating AISystem for world MotionControllerMap
[2017.10.20-15.44.12:897][  0]LogEditorServer: Finished looking for orphan Actors (0.000 secs)
[2017.10.20-15.44.12:913][  0]Cmd: MAP CHECKDEP NOCLEARLOG
[2017.10.20-15.44.12:961][  0]MapCheck: Map check complete: 0 Error(s), 0 Warning(s), took 47.901ms to complete.
[2017.10.20-15.44.12:961][  0]LogFileHelpers: Loading map 'MotionControllerMap' took 1.103
[2017.10.20-15.44.13:165][  0]LogCollectionManager: Loaded 0 collections in 0.001623 seconds
[2017.10.20-15.44.13:257][  0]LogFileCache: Scanning file cache for directory 'd:/Users/lv8c8/Documents/Unreal Projects/misa/vr/Saved/Collections/' took 0.01s
[2017.10.20-15.44.13:257][  0]LogFileCache: Scanning file cache for directory 'd:/Users/lv8c8/Documents/Unreal Projects/misa/vr/Content/Developers/lv8c8/Collections/' took 0.01s
[2017.10.20-15.44.13:257][  0]LogFileCache: Scanning file cache for directory 'd:/Users/lv8c8/Documents/Unreal Projects/misa/vr/Content/Collections/' took 0.01s
[2017.10.20-15.44.13:257][  0]LogCollectionManager: Rebuilt the GUID cache for 0 collections in 0.000000 seconds
[2017.10.20-15.44.13:267][  0]LogContentBrowser: Native class hierarchy populated in 0.0091 seconds. Added 2386 classes and 500 folders.
[2017.10.20-15.44.13:334][  0]LogContentBrowser: Native class hierarchy updated for 'WidgetCarousel' in 0.0006 seconds. Added 0 classes and 0 folders.
[2017.10.20-15.44.13:693][  0]LogContentBrowser: Native class hierarchy updated for 'AddContentDialog' in 0.0006 seconds. Added 0 classes and 0 folders.
[2017.10.20-15.44.13:740][  0]LogContentBrowser: Native class hierarchy updated for 'SceneOutliner' in 0.0006 seconds. Added 1 classes and 2 folders.
[2017.10.20-15.44.15:066][  0]LogSlate: Took 0.000186 seconds to synchronously load lazily loaded font '../../../Engine/Content/Slate/Fonts/Roboto-Regular.ttf' (155K)
[2017.10.20-15.44.15:069][  0]LogSlate: Took 0.000325 seconds to synchronously load lazily loaded font '../../../Engine/Content/Slate/Fonts/Roboto-Bold.ttf' (160K)
[2017.10.20-15.44.15:081][  0]LogSlate: Took 0.004976 seconds to synchronously load lazily loaded font '../../../Engine/Content/Editor/Slate/Fonts/FontAwesome.ttf' (139K)
[2017.10.20-15.44.15:272][  0]LogTemp: Executing iPhonePackager certificates Engine -bundlename com.YourCompany.vr
[2017.10.20-15.44.15:272][  0]LogTemp: CWD: C:\Unreal Engine\UE_4.17\Engine\Binaries\DotNET\IOS
[2017.10.20-15.44.15:272][  0]LogTemp: Initial Dir: C:\Unreal Engine\UE_4.17
[2017.10.20-15.44.15:273][  0]LogTemp: Env CWD: C:\Unreal Engine\UE_4.17\Engine\Binaries\DotNET\IOS
[2017.10.20-15.44.15:273][  0]LogTemp: BranchPath = ALIENWARE15-BIL/C/Unreal Engine/UE_4.17/Engine/Binaries --- GameBranchPath = ALIENWARE15-BIL/C/Unreal Engine/UE_4.17/Engine/Binaries
[2017.10.20-15.44.15:273][  0]LogTemp: IPP ERROR: Could not find provision directory 'C:\Users\lv8c8\AppData\Local/Apple Computer/MobileDevice/Provisioning Profiles/'.
[2017.10.20-15.44.15:273][  0]LogRenderer: Reallocating scene render targets to support 1208x576 Format 26 NumSamples 1 (Frame:1).
[2017.10.20-15.44.15:492][  0]LogContentBrowser: Native class hierarchy updated for 'HierarchicalLODOutliner' in 0.0005 seconds. Added 1 classes and 2 folders.
[2017.10.20-15.44.15:493][  0]LogLoad: (Engine Initialization) Total time: 26.99 seconds
[2017.10.20-15.44.15:493][  0]LogLoad: (Engine Initialization) Total Blueprint compile time: 0.00 seconds
[2017.10.20-15.44.15:493][  0]LogExternalProfiler: Found external profiler: VSPerf
[2017.10.20-15.44.15:493][  0]LogExternalProfiler: Using external profiler: VSPerf
[2017.10.20-15.44.15:859][  0]LogContentStreaming: Texture pool size now 1000 MB
[2017.10.20-15.44.15:914][  0]LogSlate: Took 0.006110 seconds to synchronously load lazily loaded font '../../../Engine/Content/Slate/Fonts/Roboto-Light.ttf' (159K)
[2017.10.20-15.44.16:173][  1]LogAssetRegistry: Asset discovery search completed in 20.2060 seconds
[2017.10.20-15.44.16:175][  1]LogCollectionManager: Rebuilt the object cache for 0 collections in 0.000000 seconds (found 0 objects)
[2017.10.20-15.44.16:175][  1]LogCollectionManager: Fixed up redirectors for 0 collections in 0.000034 seconds (updated 0 objects)
[2017.10.20-15.44.16:835][  3]LogSlate: Took 0.000202 seconds to synchronously load lazily loaded font '../../../Engine/Content/Slate/Fonts/Roboto-Light.ttf' (159K)
[2017.10.20-15.54.38:957][104]LogSlate: Took 0.000127 seconds to synchronously load lazily loaded font '../../../Engine/Content/Slate/Fonts/Roboto-Light.ttf' (159K)
[2017.10.20-15.54.39:367][104]LogContentBrowser: Native class hierarchy updated for 'BlueprintGraph' in 0.0008 seconds. Added 113 classes and 0 folders.
[2017.10.20-15.54.40:037][104]LogSlate: Took 0.000166 seconds to synchronously load lazily loaded font '../../../Engine/Content/Slate/Fonts/Roboto-Regular.ttf' (155K)
[2017.10.20-15.54.40:156][104]LogSlate: Took 0.003826 seconds to synchronously load lazily loaded font '../../../Engine/Content/Editor/Slate/Fonts/Roboto-BoldCondensed.ttf' (158K)
[2017.10.20-15.54.41:075][148]LogSlate: Took 0.011537 seconds to synchronously load lazily loaded font '../../../Engine/Content/Editor/Slate/Fonts/Roboto-Italic.ttf' (157K)
[2017.10.20-15.55.33:710][212]LogRenderer: Reallocating scene render targets to support 1208x712 Format 26 NumSamples 1 (Frame:1).
[2017.10.20-15.55.43:616][709]BlueprintLog: New page: Compile BP_MotionController_puch
[2017.10.20-15.55.43:683][709]LogBlueprint: Error: [Compiler BP_MotionController_puch] This blueprint (self) is not a SceneComponent, therefore ' Target ' must have a connection.
[2017.10.20-15.55.43:683][709]LogBlueprint: Error: [Compiler BP_MotionController_puch] This blueprint (self) is not a SkeletalMeshComponent, therefore ' Target ' must have a connection.
[2017.10.20-15.55.43:684][709]LogBlueprint: Error: [Compiler BP_MotionController_puch] This blueprint (self) is not a PrimitiveComponent, therefore ' Target ' must have a connection.
[2017.10.20-15.55.43:684][709]LogBlueprint: Error: [Compiler BP_MotionController_puch] This blueprint (self) is not a SceneComponent, therefore ' Target ' must have a connection.
[2017.10.20-15.55.43:808][709]LogBlueprint: Warning: [Compiler BP_MotionController_puch] [0715.31] Compile of BP_MotionController_puch failed. 4 Fatal Issue(s) 0 Warning(s) [in 191 ms] (/Game/VirtualRealityBP/Blueprints/BP_MotionController_puch.BP_MotionController_puch)
[2017.10.20-15.55.55:702][342]BlueprintLog: New page: Compile BP_MotionController_puch
[2017.10.20-15.55.55:759][342]LogBlueprint: Error: [Compiler BP_MotionController_puch] This blueprint (self) is not a SkeletalMeshComponent, therefore ' Target ' must have a connection.
[2017.10.20-15.55.55:759][342]LogBlueprint: Error: [Compiler BP_MotionController_puch] This blueprint (self) is not a PrimitiveComponent, therefore ' Target ' must have a connection.
[2017.10.20-15.55.55:759][342]LogBlueprint: Error: [Compiler BP_MotionController_puch] This blueprint (self) is not a SceneComponent, therefore ' Target ' must have a connection.
[2017.10.20-15.55.55:852][342]LogBlueprint: Warning: [Compiler BP_MotionController_puch] [0727.35] Compile of BP_MotionController_puch failed. 3 Fatal Issue(s) 0 Warning(s) [in 149 ms] (/Game/VirtualRealityBP/Blueprints/BP_MotionController_puch.BP_MotionController_puch)
[2017.10.20-15.56.12:127][254]LogEditorTransaction: Undo Move Node
[2017.10.20-15.56.12:303][256]LogEditorTransaction: Undo Delete current selection
[2017.10.20-15.56.12:606][263]LogEditorTransaction: Undo Move Node
[2017.10.20-15.56.13:045][277]LogEditorTransaction: Undo Delete current selection
[2017.10.20-15.56.27:618][994]BlueprintLog: New page: Compile BP_MotionController_puch
[2017.10.20-15.56.27:671][994]LogBlueprint: Error: [Compiler BP_MotionController_puch] This blueprint (self) is not a PrimitiveComponent, therefore ' Target ' must have a connection.
[2017.10.20-15.56.27:671][994]LogBlueprint: Error: [Compiler BP_MotionController_puch] This blueprint (self) is not a SceneComponent, therefore ' Target ' must have a connection.
[2017.10.20-15.56.27:768][994]LogBlueprint: Warning: [Compiler BP_MotionController_puch] [0759.27] Compile of BP_MotionController_puch failed. 2 Fatal Issue(s) 0 Warning(s) [in 149 ms] (/Game/VirtualRealityBP/Blueprints/BP_MotionController_puch.BP_MotionController_puch)
[2017.10.20-15.56.59:952][742]BlueprintLog: New page: Compile BP_MotionController_puch
[2017.10.20-15.57.14:897][587]BlueprintLog: New page: Compile BP_MotionController_puch
[2017.10.20-15.57.23:949][ 71]BlueprintLog: New page: Compile BP_MotionController
[2017.10.20-15.57.41:097][936]BlueprintLog: New page: Compile BP_MotionController
[2017.10.20-15.57.41:167][936]LogBlueprint: Error: [Compiler BP_MotionController] This blueprint (self) is not a SkeletalMeshComponent, therefore ' Target ' must have a connection.
[2017.10.20-15.57.41:167][936]LogBlueprint: Error: [Compiler BP_MotionController] This blueprint (self) is not a SceneComponent, therefore ' Target ' must have a connection.
[2017.10.20-15.57.41:167][936]LogBlueprint: Error: [Compiler BP_MotionController] This blueprint (self) is not a SceneComponent, therefore ' Target ' must have a connection.
[2017.10.20-15.57.41:435][936]LogBlueprint: Warning: [Compiler BP_MotionController] [0832.93] Compile of BP_MotionController failed. 3 Fatal Issue(s) 0 Warning(s) [in 337 ms] (/Game/VirtualRealityBP/Blueprints/BP_MotionController.BP_MotionController)
[2017.10.20-15.57.43:413][ 51]LogEditorTransaction: Undo Resize Node
[2017.10.20-15.57.50:552][395]BlueprintLog: New page: Compile BP_MotionController
[2017.10.20-15.57.59:568][849]LogEditorTransaction: Undo Paste clipboard contents
[2017.10.20-15.58.01:230][921]LogUObjectHash: Warning: Ambiguous search, could be K2Node_SpawnActorFromClass /Game/VirtualRealityBP/Blueprints/MotionControllerPawn.MotionControllerPawn:EventGraph.K2Node_SpawnActorFromClass_244 or K2Node_SpawnActorFromClass /Game/VirtualRealityBP/Blueprints/MotionControllerPawn.MotionControllerPawn:EventGraph.K2Node_SpawnActorFromClass_244
[2017.10.20-15.58.01:230][921]LogUObjectHash: Warning: Ambiguous search, could be K2Node_Self /Game/VirtualRealityBP/Blueprints/MotionControllerPawn.MotionControllerPawn:EventGraph.K2Node_Self_122 or K2Node_Self /Game/VirtualRealityBP/Blueprints/MotionControllerPawn.MotionControllerPawn:EventGraph.K2Node_Self_122
[2017.10.20-15.58.01:230][921]LogUObjectHash: Warning: Ambiguous search, could be K2Node_CallFunction /Game/VirtualRealityBP/Blueprints/MotionControllerPawn.MotionControllerPawn:EventGraph.K2Node_CallFunction_1116 or K2Node_CallFunction /Game/VirtualRealityBP/Blueprints/MotionControllerPawn.MotionControllerPawn:EventGraph.K2Node_CallFunction_1116
[2017.10.20-15.58.01:230][921]LogUObjectHash: Warning: Ambiguous search, could be K2Node_CallFunction /Game/VirtualRealityBP/Blueprints/MotionControllerPawn.MotionControllerPawn:EventGraph.K2Node_CallFunction_1117 or K2Node_CallFunction /Game/VirtualRealityBP/Blueprints/MotionControllerPawn.MotionControllerPawn:EventGraph.K2Node_CallFunction_1117
[2017.10.20-15.58.01:230][921]LogUObjectHash: Warning: Ambiguous search, could be K2Node_VariableGet /Game/VirtualRealityBP/Blueprints/MotionControllerPawn.MotionControllerPawn:EventGraph.K2Node_VariableGet_606 or K2Node_VariableGet /Game/VirtualRealityBP/Blueprints/MotionControllerPawn.MotionControllerPawn:EventGraph.K2Node_VariableGet_606
[2017.10.20-15.58.01:230][921]LogUObjectHash: Warning: Ambiguous search, could be EdGraphNode_Comment /Game/VirtualRealityBP/Blueprints/MotionControllerPawn.MotionControllerPawn:EventGraph.EdGraphNode_Comment_1156 or EdGraphNode_Comment /Game/VirtualRealityBP/Blueprints/MotionControllerPawn.MotionControllerPawn:EventGraph.EdGraphNode_Comment_1156
[2017.10.20-15.58.01:230][921]LogUObjectHash: Warning: Ambiguous search, could be K2Node_SpawnActorFromClass /Game/VirtualRealityBP/Blueprints/MotionControllerPawn.MotionControllerPawn:EventGraph.K2Node_SpawnActorFromClass_245 or K2Node_SpawnActorFromClass /Game/VirtualRealityBP/Blueprints/MotionControllerPawn.MotionControllerPawn:EventGraph.K2Node_SpawnActorFromClass_245
[2017.10.20-15.58.01:230][921]LogUObjectHash: Warning: Ambiguous search, could be K2Node_CallFunction /Game/VirtualRealityBP/Blueprints/MotionControllerPawn.MotionControllerPawn:EventGraph.K2Node_CallFunction_1118 or K2Node_CallFunction /Game/VirtualRealityBP/Blueprints/MotionControllerPawn.MotionControllerPawn:EventGraph.K2Node_CallFunction_1118
[2017.10.20-15.58.01:231][921]LogUObjectHash: Warning: Ambiguous search, could be K2Node_VariableGet /Game/VirtualRealityBP/Blueprints/MotionControllerPawn.MotionControllerPawn:EventGraph.K2Node_VariableGet_607 or K2Node_VariableGet /Game/VirtualRealityBP/Blueprints/MotionControllerPawn.MotionControllerPawn:EventGraph.K2Node_VariableGet_607
[2017.10.20-15.58.01:231][921]LogUObjectHash: Warning: Ambiguous search, could be K2Node_VariableSet /Game/VirtualRealityBP/Blueprints/MotionControllerPawn.MotionControllerPawn:EventGraph.K2Node_VariableSet_304 or K2Node_VariableSet /Game/VirtualRealityBP/Blueprints/MotionControllerPawn.MotionControllerPawn:EventGraph.K2Node_VariableSet_304
[2017.10.20-15.58.01:231][921]LogUObjectHash: Warning: Ambiguous search, could be K2Node_VariableSet /Game/VirtualRealityBP/Blueprints/MotionControllerPawn.MotionControllerPawn:EventGraph.K2Node_VariableSet_305 or K2Node_VariableSet /Game/VirtualRealityBP/Blueprints/MotionControllerPawn.MotionControllerPawn:EventGraph.K2Node_VariableSet_305
[2017.10.20-15.58.01:231][921]LogUObjectHash: Warning: Ambiguous search, could be K2Node_ExecutionSequence /Game/VirtualRealityBP/Blueprints/MotionControllerPawn.MotionControllerPawn:EventGraph.K2Node_ExecutionSequence_182 or K2Node_ExecutionSequence /Game/VirtualRealityBP/Blueprints/MotionControllerPawn.MotionControllerPawn:EventGraph.K2Node_ExecutionSequence_182
[2017.10.20-15.58.51:974][428]BlueprintLog: New page: Compile MotionControllerPawn
[2017.10.20-15.58.52:857][449]LogSavePackage: Save=97.44ms
[2017.10.20-15.58.52:857][449]LogSavePackage: Moving 'd:/Users/lv8c8/Documents/Unreal Projects/misa/vr/Saved/MotionControllerPawn57FBD8324C17884041C78E8EA90B6F9B.tmp' to 'd:/Users/lv8c8/Documents/Unreal Projects/misa/vr/Content/VirtualRealityBP/Blueprints/MotionControllerPawn.uasset'
[2017.10.20-15.58.52:872][449]LogSavePackage: Display: Finished SavePackage d:/Users/lv8c8/Documents/Unreal Projects/misa/vr/Content/VirtualRealityBP/Blueprints/MotionControllerPawn.uasset
[2017.10.20-15.58.55:511][594]LogSavePackage: Save=177.88ms
[2017.10.20-15.58.55:511][594]LogSavePackage: Moving 'd:/Users/lv8c8/Documents/Unreal Projects/misa/vr/Saved/BP_MotionControllerF368617847F8002A0475F2BA92AEE964.tmp' to 'd:/Users/lv8c8/Documents/Unreal Projects/misa/vr/Content/VirtualRealityBP/Blueprints/BP_MotionController.uasset'
[2017.10.20-15.58.55:514][594]LogSavePackage: Display: Finished SavePackage d:/Users/lv8c8/Documents/Unreal Projects/misa/vr/Content/VirtualRealityBP/Blueprints/BP_MotionController.uasset
[2017.10.20-15.59.14:553][ 15]LogMetaData: Removing '/Game/VirtualRealityBP/Blueprints/BP_MotionController_arm.SKEL_BP_MotionController_arm_C' ref from Metadata '/Game/VirtualRealityBP/Blueprints/BP_MotionController_puch.PackageMetaData'
[2017.10.20-15.59.14:553][ 15]LogMetaData: Removing '/Game/VirtualRealityBP/Blueprints/BP_MotionController_arm.BP_MotionController_arm_C' ref from Metadata '/Game/VirtualRealityBP/Blueprints/BP_MotionController_puch.PackageMetaData'
[2017.10.20-15.59.14:730][ 15]LogSavePackage: Save=141.54ms
[2017.10.20-15.59.14:730][ 15]LogSavePackage: Moving 'd:/Users/lv8c8/Documents/Unreal Projects/misa/vr/Saved/BP_MotionController_arm94220463483EB6ADAEC5AAA9D2CD83B5.tmp' to 'd:/Users/lv8c8/Documents/Unreal Projects/misa/vr/Content/VirtualRealityBP/Blueprints/BP_MotionController_arm.uasset'
[2017.10.20-15.59.14:732][ 15]LogSavePackage: Display: Finished SavePackage d:/Users/lv8c8/Documents/Unreal Projects/misa/vr/Content/VirtualRealityBP/Blueprints/BP_MotionController_arm.uasset
[2017.10.20-15.59.15:030][ 15]LogSavePackage: Save=88.98ms
[2017.10.20-15.59.15:030][ 15]LogSavePackage: Moving 'd:/Users/lv8c8/Documents/Unreal Projects/misa/vr/Saved/MotionControllerPawn085CB85245F5411AE1434282151A09AC.tmp' to 'd:/Users/lv8c8/Documents/Unreal Projects/misa/vr/Content/VirtualRealityBP/Blueprints/MotionControllerPawn.uasset'
[2017.10.20-15.59.15:033][ 15]LogSavePackage: Display: Finished SavePackage d:/Users/lv8c8/Documents/Unreal Projects/misa/vr/Content/VirtualRealityBP/Blueprints/MotionControllerPawn.uasset
[2017.10.20-15.59.34:642][ 30]BlueprintLog: New page: Compile MotionControllerPawn
[2017.10.20-15.59.48:027][609]LogBlueprintUserMessages: Early PlayInEditor Detection: Level '/Game/VirtualRealityBP/Maps/MotionControllerMap.MotionControllerMap:PersistentLevel' has LevelScriptBlueprint '/Game/VirtualRealityBP/Maps/MotionControllerMap.MotionControllerMap:PersistentLevel.MotionControllerMap' with GeneratedClass '/Game/VirtualRealityBP/Maps/MotionControllerMap.MotionControllerMap_C' with ClassGeneratedBy '/Game/VirtualRealityBP/Maps/MotionControllerMap.MotionControllerMap:PersistentLevel.MotionControllerMap'
[2017.10.20-15.59.48:028][609]LogPlayLevel: PlayLevel: No blueprints needed recompiling
[2017.10.20-15.59.48:034][609]PIE: New page: PIE session: MotionControllerMap (Oct 21, 2017, 9:59:48 AM)
[2017.10.20-15.59.48:034][609]LogPlayLevel: Creating play world package: /Game/VirtualRealityBP/Maps/UEDPIE_0_MotionControllerMap
[2017.10.20-15.59.48:044][609]LogPlayLevel: PIE: StaticDuplicateObject took: (0.010301s)
[2017.10.20-15.59.48:045][609]LogAIModule: Creating AISystem for world MotionControllerMap
[2017.10.20-15.59.48:045][609]LogPlayLevel: PIE: World Init took: (0.000698s)
[2017.10.20-15.59.48:046][609]LogPlayLevel: PIE: Created PIE world by copying editor world from /Game/VirtualRealityBP/Maps/MotionControllerMap.MotionControllerMap to /Game/VirtualRealityBP/Maps/UEDPIE_0_MotionControllerMap.MotionControllerMap (0.011649s)
[2017.10.20-15.59.48:082][609]LogInit: XAudio2 using 'ヘッドホン (Rift Audio)' : 2 channels at 48 kHz using 16 bits per sample (channel mask 0x3)
[2017.10.20-15.59.48:090][609]LogInit: FAudioDevice initialized.
[2017.10.20-15.59.48:141][609]LogUObjectGlobals: Warning: Failed to find object 'Class None.'
[2017.10.20-15.59.48:141][609]LogLoad: Game class is 'GameModeBase'
[2017.10.20-15.59.48:149][609]LogWorld: Bringing World /Game/VirtualRealityBP/Maps/UEDPIE_0_MotionControllerMap.MotionControllerMap up for play (max tick rate 60) at 2017.10.21-00.59.48
[2017.10.20-15.59.48:151][609]LogWorld: Bringing up level for play took: 0.003237
[2017.10.20-15.59.48:203][609]LogContentBrowser: Native class hierarchy updated for 'MovieSceneCapture' in 0.0009 seconds. Added 11 classes and 0 folders.
[2017.10.20-15.59.48:212][609]PIE: Play in editor start time for /Game/VirtualRealityBP/Maps/UEDPIE_0_MotionControllerMap -0.355
[2017.10.20-15.59.48:213][609]LogBlueprintUserMessages: Late PlayInEditor Detection: Level '/Game/VirtualRealityBP/Maps/MotionControllerMap.MotionControllerMap:PersistentLevel' has LevelScriptBlueprint '/Game/VirtualRealityBP/Maps/MotionControllerMap.MotionControllerMap:PersistentLevel.MotionControllerMap' with GeneratedClass '/Game/VirtualRealityBP/Maps/MotionControllerMap.MotionControllerMap_C' with ClassGeneratedBy '/Game/VirtualRealityBP/Maps/MotionControllerMap.MotionControllerMap:PersistentLevel.MotionControllerMap'
[2017.10.20-15.59.54:342][973]LogBlueprintUserMessages: Early EndPlayMap Detection: Level '/Game/VirtualRealityBP/Maps/MotionControllerMap.MotionControllerMap:PersistentLevel' has LevelScriptBlueprint '/Game/VirtualRealityBP/Maps/MotionControllerMap.MotionControllerMap:PersistentLevel.MotionControllerMap' with GeneratedClass '/Game/VirtualRealityBP/Maps/MotionControllerMap.MotionControllerMap_C' with ClassGeneratedBy '/Game/VirtualRealityBP/Maps/MotionControllerMap.MotionControllerMap:PersistentLevel.MotionControllerMap'
[2017.10.20-15.59.54:388][973]LogBlueprintUserMessages: Late EndPlayMap Detection: Level '/Game/VirtualRealityBP/Maps/MotionControllerMap.MotionControllerMap:PersistentLevel' has LevelScriptBlueprint '/Game/VirtualRealityBP/Maps/MotionControllerMap.MotionControllerMap:PersistentLevel.MotionControllerMap' with GeneratedClass '/Game/VirtualRealityBP/Maps/MotionControllerMap.MotionControllerMap_C' with ClassGeneratedBy '/Game/VirtualRealityBP/Maps/MotionControllerMap.MotionControllerMap:PersistentLevel.MotionControllerMap'
[2017.10.20-16.00.00:419][289]BlueprintLog: New page: Compile BP_MotionController
[2017.10.20-16.01.33:589][142]LogSlate: Warning: Prevented a slow task dialog from being summoned while a context menu was open
[2017.10.20-16.01.50:245][981]BlueprintLog: New page: Compile MotionControllerPawn
[2017.10.20-16.01.51:968][ 67]BlueprintLog: New page: Compile BP_MotionController
[2017.10.20-16.01.53:730][143]BlueprintLog: New page: Compile BP_MotionController_arm
[2017.10.20-16.02.10:305][ 98]LogEditorTransaction: Undo Create Pin Link
[2017.10.20-16.02.10:775][124]LogEditorTransaction: Undo Add Node
[2017.10.20-16.02.22:977][851]BlueprintLog: New page: Compile MotionControllerPawn
[2017.10.20-16.02.24:182][906]LogTemp: Repeating last play command: Selected Viewport
[2017.10.20-16.02.24:212][906]LogBlueprintUserMessages: Early PlayInEditor Detection: Level '/Game/VirtualRealityBP/Maps/MotionControllerMap.MotionControllerMap:PersistentLevel' has LevelScriptBlueprint '/Game/VirtualRealityBP/Maps/MotionControllerMap.MotionControllerMap:PersistentLevel.MotionControllerMap' with GeneratedClass '/Game/VirtualRealityBP/Maps/MotionControllerMap.MotionControllerMap_C' with ClassGeneratedBy '/Game/VirtualRealityBP/Maps/MotionControllerMap.MotionControllerMap:PersistentLevel.MotionControllerMap'
[2017.10.20-16.02.24:212][906]LogPlayLevel: PlayLevel: No blueprints needed recompiling
[2017.10.20-16.02.24:213][906]PIE: New page: PIE session: MotionControllerMap (Oct 21, 2017, 10:02:24 AM)
[2017.10.20-16.02.24:213][906]LogPlayLevel: Creating play world package: /Game/VirtualRealityBP/Maps/UEDPIE_0_MotionControllerMap
[2017.10.20-16.02.24:221][906]LogPlayLevel: PIE: StaticDuplicateObject took: (0.008341s)
[2017.10.20-16.02.24:222][906]LogAIModule: Creating AISystem for world MotionControllerMap
[2017.10.20-16.02.24:222][906]LogPlayLevel: PIE: World Init took: (0.000888s)
[2017.10.20-16.02.24:222][906]LogPlayLevel: PIE: Created PIE world by copying editor world from /Game/VirtualRealityBP/Maps/MotionControllerMap.MotionControllerMap to /Game/VirtualRealityBP/Maps/UEDPIE_0_MotionControllerMap.MotionControllerMap (0.009583s)
[2017.10.20-16.02.24:251][906]LogInit: XAudio2 using 'ヘッドホン (Rift Audio)' : 2 channels at 48 kHz using 16 bits per sample (channel mask 0x3)
[2017.10.20-16.02.24:257][906]LogInit: FAudioDevice initialized.
[2017.10.20-16.02.24:289][906]LogUObjectGlobals: Warning: Failed to find object 'Class None.'
[2017.10.20-16.02.24:289][906]LogLoad: Game class is 'GameModeBase'
[2017.10.20-16.02.24:292][906]LogWorld: Bringing World /Game/VirtualRealityBP/Maps/UEDPIE_0_MotionControllerMap.MotionControllerMap up for play (max tick rate 60) at 2017.10.21-01.02.24
[2017.10.20-16.02.24:292][906]LogWorld: Bringing up level for play took: 0.001998
[2017.10.20-16.02.24:295][906]PIE: Play in editor start time for /Game/VirtualRealityBP/Maps/UEDPIE_0_MotionControllerMap -0.273
[2017.10.20-16.02.24:295][906]LogBlueprintUserMessages: Late PlayInEditor Detection: Level '/Game/VirtualRealityBP/Maps/MotionControllerMap.MotionControllerMap:PersistentLevel' has LevelScriptBlueprint '/Game/VirtualRealityBP/Maps/MotionControllerMap.MotionControllerMap:PersistentLevel.MotionControllerMap' with GeneratedClass '/Game/VirtualRealityBP/Maps/MotionControllerMap.MotionControllerMap_C' with ClassGeneratedBy '/Game/VirtualRealityBP/Maps/MotionControllerMap.MotionControllerMap:PersistentLevel.MotionControllerMap'
[2017.10.20-16.02.26:881][ 60]LogBlueprintUserMessages: Early EndPlayMap Detection: Level '/Game/VirtualRealityBP/Maps/MotionControllerMap.MotionControllerMap:PersistentLevel' has LevelScriptBlueprint '/Game/VirtualRealityBP/Maps/MotionControllerMap.MotionControllerMap:PersistentLevel.MotionControllerMap' with GeneratedClass '/Game/VirtualRealityBP/Maps/MotionControllerMap.MotionControllerMap_C' with ClassGeneratedBy '/Game/VirtualRealityBP/Maps/MotionControllerMap.MotionControllerMap:PersistentLevel.MotionControllerMap'
[2017.10.20-16.02.26:912][ 60]LogBlueprintUserMessages: Late EndPlayMap Detection: Level '/Game/VirtualRealityBP/Maps/MotionControllerMap.MotionControllerMap:PersistentLevel' has LevelScriptBlueprint '/Game/VirtualRealityBP/Maps/MotionControllerMap.MotionControllerMap:PersistentLevel.MotionControllerMap' with GeneratedClass '/Game/VirtualRealityBP/Maps/MotionControllerMap.MotionControllerMap_C' with ClassGeneratedBy '/Game/VirtualRealityBP/Maps/MotionControllerMap.MotionControllerMap:PersistentLevel.MotionControllerMap'
[2017.10.20-16.02.42:368][979]BlueprintLog: New page: Compile MotionControllerPawn
[2017.10.20-16.03.27:179][648]BlueprintLog: New page: Compile BP_MotionController_arm
[2017.10.20-16.03.28:527][676]LogSavePackage: Save=135.61ms
[2017.10.20-16.03.28:527][676]LogSavePackage: Moving 'd:/Users/lv8c8/Documents/Unreal Projects/misa/vr/Saved/MotionControllerMap26EA30CD4C46F5B190297AAFC94511DD.tmp' to 'd:/Users/lv8c8/Documents/Unreal Projects/misa/vr/Content/VirtualRealityBP/Maps/MotionControllerMap.umap'
[2017.10.20-16.03.28:530][676]LogSavePackage: Display: Finished SavePackage d:/Users/lv8c8/Documents/Unreal Projects/misa/vr/Content/VirtualRealityBP/Maps/MotionControllerMap.umap
[2017.10.20-16.03.28:557][676]LogFileHelpers: Saving map 'MotionControllerMap' took 0.244
[2017.10.20-16.03.28:661][676]LogSavePackage: Save=93.80ms
[2017.10.20-16.03.28:661][676]LogSavePackage: Moving 'd:/Users/lv8c8/Documents/Unreal Projects/misa/vr/Saved/MotionControllerPawn9D6E35C34182EB7FEA7576BD54A5D0B0.tmp' to 'd:/Users/lv8c8/Documents/Unreal Projects/misa/vr/Content/VirtualRealityBP/Blueprints/MotionControllerPawn.uasset'
[2017.10.20-16.03.28:664][676]LogSavePackage: Display: Finished SavePackage d:/Users/lv8c8/Documents/Unreal Projects/misa/vr/Content/VirtualRealityBP/Blueprints/MotionControllerPawn.uasset
[2017.10.20-16.03.28:929][676]LogSavePackage: Save=239.70ms
[2017.10.20-16.03.28:929][676]LogSavePackage: Moving 'd:/Users/lv8c8/Documents/Unreal Projects/misa/vr/Saved/BP_MotionController_arm00AFC67844E8F5BE4579D08D95415A93.tmp' to 'd:/Users/lv8c8/Documents/Unreal Projects/misa/vr/Content/VirtualRealityBP/Blueprints/BP_MotionController_arm.uasset'
[2017.10.20-16.03.28:931][676]LogSavePackage: Display: Finished SavePackage d:/Users/lv8c8/Documents/Unreal Projects/misa/vr/Content/VirtualRealityBP/Blueprints/BP_MotionController_arm.uasset
[2017.10.20-16.03.52:540][ 64]LogUProjectInfo: Found projects:
[2017.10.20-16.03.53:929][136]Cmd: CLOSE_SLATE_MAINFRAME
[2017.10.20-16.03.54:105][136]LogActorComponent: UnregisterComponent: (/Engine/Transient.EditorFloorComp) Not registered. Aborting.
[2017.10.20-16.03.54:166][136]LogActorComponent: UnregisterComponent: (/Engine/Transient.EditorFloorComp) Not registered. Aborting.
[2017.10.20-16.03.54:444][137]Cmd: QUIT_EDITOR
[2017.10.20-16.03.54:669][137]LogWindowsTextInputMethodSystem: Display: IME system now deactivated.
[2017.10.20-16.03.54:680][137]LogExit: Preparing to exit.
[2017.10.20-16.03.55:161][137]LogExit: Editor shut down
[2017.10.20-16.03.55:169][137]LogExit: Transaction tracking system shut down
[2017.10.20-16.03.55:350][137]LogDirectoryWatcher: A directory notification for '../../../Engine/Content/' was aborted.
[2017.10.20-16.03.55:350][137]LogDirectoryWatcher: A directory notification for 'd:/Users/lv8c8/Documents/Unreal Projects/misa/vr/Content/' was aborted.
[2017.10.20-16.03.55:350][137]LogDirectoryWatcher: A directory notification for '../../../Engine/Plugins/2D/Paper2D/Content/' was aborted.
[2017.10.20-16.03.55:350][137]LogDirectoryWatcher: A directory notification for '../../../Engine/Plugins/Runtime/Oculus/OculusVR/Content/' was aborted.
[2017.10.20-16.03.55:350][137]LogDirectoryWatcher: A directory notification for '../../../Engine/Plugins/Runtime/Steam/SteamVR/Content/' was aborted.
[2017.10.20-16.03.55:425][137]LogExit: Object subsystem successfully closed.
[2017.10.20-16.03.55:437][137]LogD3D11RHI: Shutdown
[2017.10.20-16.03.55:437][137]LogD3D11RHI: CleanupD3DDevice
[2017.10.20-16.03.55:590][137]LogD3D11RHI: ~FD3D11DynamicRHI
[2017.10.20-16.03.55:609][137]LogModuleManager: Shutting down and abandoning module MovieSceneCapture (538)
[2017.10.20-16.03.55:609][137]LogModuleManager: Shutting down and abandoning module BlueprintGraph (536)
[2017.10.20-16.03.55:609][137]LogModuleManager: Shutting down and abandoning module BlueprintProfiler (534)
[2017.10.20-16.03.55:609][137]LogModuleManager: Shutting down and abandoning module HierarchicalLODOutliner (532)
[2017.10.20-16.03.55:609][137]LogModuleManager: Shutting down and abandoning module ExternalImagePicker (530)
[2017.10.20-16.03.55:609][137]LogModuleManager: Shutting down and abandoning module SceneOutliner (528)
[2017.10.20-16.03.55:610][137]LogModuleManager: Shutting down and abandoning module AddContentDialog (526)
[2017.10.20-16.03.55:610][137]LogDirectoryWatcher: A directory notification for 'C:/Unreal Engine/UE_4.17/FeaturePacks/' was aborted.
[2017.10.20-16.03.55:611][137]LogModuleManager: Shutting down and abandoning module WidgetCarousel (525)
[2017.10.20-16.03.55:611][137]LogModuleManager: Shutting down and abandoning module EditorWidgets (522)
[2017.10.20-16.03.55:611][137]LogModuleManager: Shutting down and abandoning module CollectionManager (520)
[2017.10.20-16.03.55:611][137]LogDirectoryWatcher: A directory notification for 'd:/Users/lv8c8/Documents/Unreal Projects/misa/vr/Content/Collections/' was aborted.
[2017.10.20-16.03.55:611][137]LogDirectoryWatcher: A directory notification for 'd:/Users/lv8c8/Documents/Unreal Projects/misa/vr/Content/Developers/lv8c8/Collections/' was aborted.
[2017.10.20-16.03.55:611][137]LogDirectoryWatcher: A directory notification for 'd:/Users/lv8c8/Documents/Unreal Projects/misa/vr/Saved/Collections/' was aborted.
[2017.10.20-16.03.55:611][137]LogModuleManager: Shutting down and abandoning module StatsViewer (518)
[2017.10.20-16.03.55:611][137]LogModuleManager: Shutting down and abandoning module FoliageEdit (516)
[2017.10.20-16.03.55:611][137]LogModuleManager: Shutting down and abandoning module LandscapeEditor (514)
[2017.10.20-16.03.55:611][137]LogModuleManager: Shutting down and abandoning module MeshPaintMode (512)
[2017.10.20-16.03.55:611][137]LogModuleManager: Shutting down and abandoning module SceneDepthPickerMode (510)
[2017.10.20-16.03.55:611][137]LogModuleManager: Shutting down and abandoning module ActorPickerMode (508)
[2017.10.20-16.03.55:611][137]LogModuleManager: Shutting down and abandoning module GeometryMode (506)
[2017.10.20-16.03.55:611][137]LogModuleManager: Shutting down and abandoning module TextureAlignMode (504)
[2017.10.20-16.03.55:611][137]LogModuleManager: Shutting down and abandoning module BspMode (502)
[2017.10.20-16.03.55:611][137]LogModuleManager: Shutting down and abandoning module PIEPreviewDeviceProfileSelector (500)
[2017.10.20-16.03.55:611][137]LogModuleManager: Shutting down and abandoning module HardwareSurvey (498)
[2017.10.20-16.03.55:611][137]LogModuleManager: Shutting down and abandoning module SequenceRecorderSections (496)
[2017.10.20-16.03.55:611][137]LogModuleManager: Shutting down and abandoning module AutomationWorker (494)
[2017.10.20-16.03.55:611][137]LogModuleManager: Shutting down and abandoning module MatineeToLevelSequence (492)
[2017.10.20-16.03.55:612][137]LogModuleManager: Shutting down and abandoning module LevelSequenceEditor (490)
[2017.10.20-16.03.55:612][137]LogModuleManager: Shutting down and abandoning module PlacementMode (489)
[2017.10.20-16.03.55:612][137]LogModuleManager: Shutting down and abandoning module WmfMediaFactory (486)
[2017.10.20-16.03.55:612][137]LogModuleManager: Shutting down and abandoning module WmfMediaEditor (484)
[2017.10.20-16.03.55:612][137]LogModuleManager: Shutting down and abandoning module AvfMediaFactory (482)
[2017.10.20-16.03.55:612][137]LogModuleManager: Shutting down and abandoning module AvfMediaEditor (480)
[2017.10.20-16.03.55:612][137]LogModuleManager: Shutting down and abandoning module AndroidMediaFactory (478)
[2017.10.20-16.03.55:612][137]LogModuleManager: Shutting down and abandoning module Media (477)
[2017.10.20-16.03.55:612][137]LogModuleManager: Shutting down and abandoning module AndroidMediaEditor (474)
[2017.10.20-16.03.55:612][137]LogModuleManager: Shutting down and abandoning module CharacterAI (472)
[2017.10.20-16.03.55:612][137]LogModuleManager: Shutting down and abandoning module AudioCapture (470)
[2017.10.20-16.03.55:612][137]LogModuleManager: Shutting down and abandoning module SequenceRecorder (469)
[2017.10.20-16.03.55:612][137]LogModuleManager: Shutting down and abandoning module SmartSnapping (466)
[2017.10.20-16.03.55:612][137]LogModuleManager: Shutting down and abandoning module SessionServices (464)
[2017.10.20-16.03.55:612][137]LogModuleManager: Shutting down and abandoning module ViewportSnapping (462)
[2017.10.20-16.03.55:612][137]LogModuleManager: Shutting down and abandoning module ViewportInteraction (460)
[2017.10.20-16.03.55:612][137]LogModuleManager: Shutting down and abandoning module ClothPainter (458)
[2017.10.20-16.03.55:612][137]LogModuleManager: Shutting down and abandoning module LogVisualizer (456)
[2017.10.20-16.03.55:612][137]LogModuleManager: Shutting down and abandoning module IntroTutorials (454)
[2017.10.20-16.03.55:612][137]LogModuleManager: Shutting down and abandoning module GameProjectGeneration (453)
[2017.10.20-16.03.55:612][137]LogModuleManager: Shutting down and abandoning module IOSPlatformEditor (450)
[2017.10.20-16.03.55:612][137]LogModuleManager: Shutting down and abandoning module HTML5PlatformEditor (448)
[2017.10.20-16.03.55:612][137]LogModuleManager: Shutting down and abandoning module AndroidPlatformEditor (446)
[2017.10.20-16.03.55:612][137]LogModuleManager: Shutting down and abandoning module AndroidDeviceDetection (445)
[2017.10.20-16.03.56:606][137]LogModuleManager: Shutting down and abandoning module WindowsPlatformEditor (442)
[2017.10.20-16.03.56:606][137]LogModuleManager: Shutting down and abandoning module IOSRuntimeSettings (440)
[2017.10.20-16.03.56:606][137]LogModuleManager: Shutting down and abandoning module AndroidRuntimeSettings (438)
[2017.10.20-16.03.56:606][137]LogModuleManager: Shutting down and abandoning module InputBindingEditor (436)
[2017.10.20-16.03.56:606][137]LogModuleManager: Shutting down and abandoning module MergeActors (434)
[2017.10.20-16.03.56:606][137]LogModuleManager: Shutting down and abandoning module SizeMap (432)
[2017.10.20-16.03.56:606][137]LogModuleManager: Shutting down and abandoning module TreeMap (430)
[2017.10.20-16.03.56:606][137]LogModuleManager: Shutting down and abandoning module ReferenceViewer (428)
[2017.10.20-16.03.56:606][137]LogModuleManager: Shutting down and abandoning module LocalizationDashboard (426)
[2017.10.20-16.03.56:606][137]LogModuleManager: Shutting down and abandoning module LocalizationService (425)
[2017.10.20-16.03.56:607][137]LogModuleManager: Shutting down and abandoning module HardwareTargeting (422)
[2017.10.20-16.03.56:607][137]LogModuleManager: Shutting down and abandoning module DeviceProfileEditor (420)
[2017.10.20-16.03.56:607][137]LogModuleManager: Shutting down and abandoning module UndoHistory (418)
[2017.10.20-16.03.56:607][137]LogModuleManager: Shutting down and abandoning module XmlParser (416)
[2017.10.20-16.03.56:607][137]LogModuleManager: Shutting down and abandoning module Blutility (414)
[2017.10.20-16.03.56:607][137]LogModuleManager: Shutting down and abandoning module ProjectSettingsViewer (412)
[2017.10.20-16.03.56:607][137]LogModuleManager: Shutting down and abandoning module ProjectTargetPlatformEditor (411)
[2017.10.20-16.03.56:607][137]LogModuleManager: Shutting down and abandoning module EditorSettingsViewer (408)
[2017.10.20-16.03.56:607][137]LogModuleManager: Shutting down and abandoning module SettingsEditor (406)
[2017.10.20-16.03.56:607][137]LogModuleManager: Shutting down and abandoning module ProjectLauncher (404)
[2017.10.20-16.03.56:607][137]LogModuleManager: Shutting down and abandoning module SessionFrontend (402)
[2017.10.20-16.03.56:607][137]LogModuleManager: Shutting down and abandoning module ProfilerClient (400)
[2017.10.20-16.03.56:607][137]LogModuleManager: Shutting down and abandoning module DeviceManager (398)
[2017.10.20-16.03.56:607][137]LogModuleManager: Shutting down and abandoning module TargetDeviceServices (397)
[2017.10.20-16.03.56:660][137]LogModuleManager: Shutting down and abandoning module AutomationController (394)
[2017.10.20-16.03.56:660][137]LogModuleManager: Shutting down and abandoning module AutomationWindow (392)
[2017.10.20-16.03.56:660][137]LogModuleManager: Shutting down and abandoning module Layers (390)
[2017.10.20-16.03.56:660][137]LogModuleManager: Shutting down and abandoning module ComponentVisualizers (388)
[2017.10.20-16.03.56:660][137]LogModuleManager: Shutting down and abandoning module DetailCustomizations (386)
[2017.10.20-16.03.56:660][137]LogModuleManager: Shutting down and abandoning module PackagesDialog (384)
[2017.10.20-16.03.56:661][137]LogModuleManager: Shutting down and abandoning module Persona (382)
[2017.10.20-16.03.56:661][137]LogModuleManager: Shutting down and abandoning module AdvancedPreviewScene (381)
[2017.10.20-16.03.56:661][137]LogModuleManager: Shutting down and abandoning module AnimGraph (379)
[2017.10.20-16.03.56:661][137]LogModuleManager: Shutting down and abandoning module Kismet (376)
[2017.10.20-16.03.56:669][137]LogModuleManager: Shutting down and abandoning module ClassViewer (374)
[2017.10.20-16.03.56:671][137]LogModuleManager: Shutting down and abandoning module Toolbox (372)
[2017.10.20-16.03.56:671][137]LogModuleManager: Shutting down and abandoning module ModuleUI (370)
[2017.10.20-16.03.56:671][137]LogModuleManager: Shutting down and abandoning module MovieSceneTools (368)
[2017.10.20-16.03.56:671][137]LogModuleManager: Shutting down and abandoning module OutputLog (366)
[2017.10.20-16.03.56:671][137]LogModuleManager: Shutting down and abandoning module GammaUI (364)
[2017.10.20-16.03.56:671][137]LogModuleManager: Shutting down and abandoning module Documentation (362)
[2017.10.20-16.03.56:671][137]LogModuleManager: Shutting down and abandoning module MovieSceneTracks (360)
[2017.10.20-16.03.56:671][137]LogModuleManager: Shutting down and abandoning module MovieScene (358)
[2017.10.20-16.03.56:671][137]LogModuleManager: Shutting down and abandoning module Niagara (356)
[2017.10.20-16.03.56:671][137]LogModuleManager: Shutting down and abandoning module NiagaraEditor (355)
[2017.10.20-16.03.56:672][137]LogModuleManager: Shutting down and abandoning module StreamingPauseRendering (352)
[2017.10.20-16.03.56:672][137]LogModuleManager: Shutting down and abandoning module LauncherPlatform (350)
[2017.10.20-16.03.56:672][137]LogModuleManager: Shutting down and abandoning module AnalyticsET (348)
[2017.10.20-16.03.56:672][137]LogModuleManager: Shutting down and abandoning module PortalServices (346)
[2017.10.20-16.03.56:672][137]LogModuleManager: Shutting down and abandoning module PortalRpc (344)
[2017.10.20-16.03.56:672][137]LogModuleManager: Shutting down and abandoning module MessagingRpc (342)
[2017.10.20-16.03.56:672][137]LogModuleManager: Shutting down and abandoning module AIModule (340)
[2017.10.20-16.03.56:672][137]LogModuleManager: Shutting down and abandoning module GameplayDebugger (339)
[2017.10.20-16.03.56:672][137]LogModuleManager: Shutting down and abandoning module AITestSuite (337)
[2017.10.20-16.03.56:672][137]LogModuleManager: Shutting down and abandoning module ProfilerService (334)
[2017.10.20-16.03.56:753][137]LogModuleManager: Shutting down and abandoning module TaskGraph (332)
[2017.10.20-16.03.56:753][137]LogModuleManager: Shutting down and abandoning module SteamVRController (330)
[2017.10.20-16.03.56:753][137]LogModuleManager: Shutting down and abandoning module ProceduralMeshComponentEditor (328)
[2017.10.20-16.03.56:753][137]LogModuleManager: Shutting down and abandoning module ProceduralMeshComponent (326)
[2017.10.20-16.03.56:753][137]LogModuleManager: Shutting down and abandoning module OculusInput (324)
[2017.10.20-16.03.56:753][137]LogModuleManager: Shutting down and abandoning module MobilePatchingUtils (322)
[2017.10.20-16.03.56:753][137]LogModuleManager: Shutting down and abandoning module CustomMeshComponent (320)
[2017.10.20-16.03.56:753][137]LogModuleManager: Shutting down and abandoning module CableComponent (318)
[2017.10.20-16.03.56:753][137]LogModuleManager: Shutting down and abandoning module ArchVisCharacter (316)
[2017.10.20-16.03.56:753][137]LogModuleManager: Shutting down and abandoning module AndroidPermission (314)
[2017.10.20-16.03.56:753][137]LogModuleManager: Shutting down and abandoning module MediaPlayerEditor (310)
[2017.10.20-16.03.56:753][137]LogModuleManager: Shutting down and abandoning module HTML5Networking (308)
[2017.10.20-16.03.56:753][137]LogModuleManager: Shutting down and abandoning module AlembicImporter (306)
[2017.10.20-16.03.56:753][137]LogModuleManager: Shutting down and abandoning module AlembicLibrary (305)
[2017.10.20-16.03.56:753][137]LogModuleManager: Shutting down and abandoning module GeometryCache (304)
[2017.10.20-16.03.56:753][137]LogModuleManager: Shutting down and abandoning module GeometryCacheEd (303)
[2017.10.20-16.03.56:753][137]LogModuleManager: Shutting down and abandoning module SpeedTreeImporter (298)
[2017.10.20-16.03.56:753][137]LogModuleManager: Shutting down and abandoning module PluginBrowser (296)
[2017.10.20-16.03.56:753][137]LogModuleManager: Shutting down and abandoning module MobileLauncherProfileWizard (294)
[2017.10.20-16.03.56:754][137]LogModuleManager: Shutting down and abandoning module VisualStudioSourceCodeAccess (292)
[2017.10.20-16.03.56:754][137]LogModuleManager: Shutting down and abandoning module DesktopPlatform (291)
[2017.10.20-16.03.56:754][137]LogModuleManager: Shutting down and abandoning module UObjectPlugin (288)
[2017.10.20-16.03.56:754][137]LogModuleManager: Shutting down and abandoning module SubversionSourceControl (286)
[2017.10.20-16.03.56:754][137]LogModuleManager: Shutting down and abandoning module PerforceSourceControl (284)
[2017.10.20-16.03.56:754][137]LogModuleManager: Shutting down and abandoning module GitSourceControl (282)
[2017.10.20-16.03.56:754][137]LogModuleManager: Shutting down and abandoning module SourceControl (281)
[2017.10.20-16.03.56:754][137]LogModuleManager: Shutting down and abandoning module LightPropagationVolumeEditor (278)
[2017.10.20-16.03.56:754][137]LogModuleManager: Shutting down and abandoning module PaperTiledImporter (276)
[2017.10.20-16.03.56:754][137]LogModuleManager: Shutting down and abandoning module PaperSpriteSheetImporter (274)
[2017.10.20-16.03.56:754][137]LogModuleManager: Shutting down and abandoning module Paper2DEditor (272)
[2017.10.20-16.03.56:754][137]LogModuleManager: Shutting down and abandoning module MeshPaint (271)
[2017.10.20-16.03.56:754][137]LogModuleManager: Shutting down and abandoning module LevelEditor (269)
[2017.10.20-16.03.56:754][137]LogModuleManager: Shutting down and abandoning module PixelInspectorModule (268)
[2017.10.20-16.03.56:754][137]LogModuleManager: Shutting down and abandoning module MainFrame (266)
[2017.10.20-16.03.56:755][137]LogModuleManager: Shutting down and abandoning module HotReload (265)
[2017.10.20-16.03.56:755][137]LogModuleManager: Shutting down and abandoning module RuntimePhysXCooking (260)
[2017.10.20-16.03.56:755][137]LogModuleManager: Shutting down and abandoning module PhysXVehiclesEditor (258)
[2017.10.20-16.03.56:755][137]LogModuleManager: Shutting down and abandoning module PhysXVehicles (256)
[2017.10.20-16.03.56:755][137]LogModuleManager: Shutting down and abandoning module OculusEditor (254)
[2017.10.20-16.03.56:755][137]LogModuleManager: Shutting down and abandoning module LocationServicesBPLibrary (252)
[2017.10.20-16.03.56:755][137]LogModuleManager: Shutting down and abandoning module ImmediatePhysicsEditor (250)
[2017.10.20-16.03.56:755][137]LogModuleManager: Shutting down and abandoning module ImmediatePhysics (248)
[2017.10.20-16.03.56:755][137]LogModuleManager: Shutting down and abandoning module UdpMessaging (246)
[2017.10.20-16.03.56:856][137]LogModuleManager: Shutting down and abandoning module TcpMessaging (244)
[2017.10.20-16.03.56:956][137]LogModuleManager: Shutting down and abandoning module GameplayTagsEditor (242)
[2017.10.20-16.03.56:956][137]LogModuleManager: Shutting down and abandoning module FacialAnimationEditor (240)
[2017.10.20-16.03.56:956][137]LogModuleManager: Shutting down and abandoning module FacialAnimation (238)
[2017.10.20-16.03.56:956][137]LogModuleManager: Shutting down and abandoning module AssetManagerEditor (236)
[2017.10.20-16.03.56:956][137]LogModuleManager: Shutting down and abandoning module GraphEditor (235)
[2017.10.20-16.03.56:956][137]LogModuleManager: Shutting down and abandoning module ContentBrowser (233)
[2017.10.20-16.03.56:956][137]LogModuleManager: Shutting down and abandoning module LightPropagationVolumeRuntime (230)
[2017.10.20-16.03.56:957][137]LogModuleManager: Shutting down and abandoning module Paper2D (228)
[2017.10.20-16.03.56:957][137]LogModuleManager: Shutting down and abandoning module WindowsMoviePlayer (226)
[2017.10.20-16.03.56:957][137]LogModuleManager: Shutting down and abandoning module WmfMedia (224)
[2017.10.20-16.03.56:957][137]LogModuleManager: Shutting down and abandoning module PacketHandler (222)
[2017.10.20-16.03.56:957][137]LogModuleManager: Shutting down and abandoning module ClothingSystemEditor (220)
[2017.10.20-16.03.56:957][137]LogModuleManager: Shutting down and abandoning module ClothingSystemRuntime (218)
[2017.10.20-16.03.56:957][137]LogModuleManager: Shutting down and abandoning module Overlay (216)
[2017.10.20-16.03.56:957][137]LogModuleManager: Shutting down and abandoning module OverlayEditor (215)
[2017.10.20-16.03.56:957][137]LogModuleManager: Shutting down and abandoning module MediaAssets (212)
[2017.10.20-16.03.56:957][137]LogModuleManager: Shutting down and abandoning module VREditor (210)
[2017.10.20-16.03.56:957][137]LogModuleManager: Shutting down and abandoning module StringTableEditor (208)
[2017.10.20-16.03.56:957][137]LogModuleManager: Shutting down and abandoning module GameplayTasksEditor (206)
[2017.10.20-16.03.56:957][137]LogModuleManager: Shutting down and abandoning module BehaviorTreeEditor (204)
[2017.10.20-16.03.56:957][137]LogModuleManager: Shutting down and abandoning module FunctionalTesting (202)
[2017.10.20-16.03.56:957][137]LogModuleManager: Shutting down and abandoning module CollisionAnalyzer (200)
[2017.10.20-16.03.56:957][137]LogModuleManager: Shutting down and abandoning module WorkspaceMenuStructure (199)
[2017.10.20-16.03.56:957][137]LogModuleManager: Shutting down and abandoning module UMG (196)
[2017.10.20-16.03.56:957][137]LogModuleManager: Shutting down and abandoning module UMGEditor (195)
[2017.10.20-16.03.56:957][137]LogModuleManager: Shutting down and abandoning module Sequencer (194)
[2017.10.20-16.03.56:957][137]LogModuleManager: Shutting down and abandoning module MessageLog (191)
[2017.10.20-16.03.56:957][137]LogModuleManager: Shutting down and abandoning module SlateReflector (186)
[2017.10.20-16.03.56:957][137]LogModuleManager: Shutting down and abandoning module Slate (184)
[2017.10.20-16.03.56:957][137]LogModuleManager: Shutting down and abandoning module EditorStyle (182)
[2017.10.20-16.03.56:960][137]LogModuleManager: Shutting down and abandoning module MRMesh (180)
[2017.10.20-16.03.56:960][137]LogModuleManager: Shutting down and abandoning module SourceCodeAccess (178)
[2017.10.20-16.03.56:960][137]LogModuleManager: Shutting down and abandoning module HeadMountedDisplay (176)
[2017.10.20-16.03.56:960][137]LogModuleManager: Shutting down and abandoning module XAudio2 (174)
[2017.10.20-16.03.56:960][137]LogModuleManager: Shutting down and abandoning module Networking (172)
[2017.10.20-16.03.56:960][137]LogModuleManager: Shutting down and abandoning module Core (168)
[2017.10.20-16.03.56:960][137]LogModuleManager: Shutting down and abandoning module KismetCompiler (164)
[2017.10.20-16.03.56:961][137]LogModuleManager: Shutting down and abandoning module LevelSequence (162)
[2017.10.20-16.03.56:961][137]LogModuleManager: Shutting down and abandoning module MeshUtilities (160)
[2017.10.20-16.03.56:961][137]LogModuleManager: Shutting down and abandoning module MeshMergeUtilities (159)
[2017.10.20-16.03.56:961][137]LogModuleManager: Shutting down and abandoning module MeshReductionInterface (158)
[2017.10.20-16.03.56:961][137]LogModuleManager: Shutting down and abandoning module SimplygonSwarm (157)
[2017.10.20-16.03.56:961][137]LogModuleManager: Shutting down and abandoning module SimplygonMeshReduction (155)
[2017.10.20-16.03.56:961][137]LogModuleManager: Shutting down and abandoning module QuadricMeshReduction (153)
[2017.10.20-16.03.56:961][137]LogModuleManager: Shutting down and abandoning module MaterialBaking (149)
[2017.10.20-16.03.56:961][137]LogModuleManager: Shutting down and abandoning module DirectoryWatcher (146)
[2017.10.20-16.03.56:962][137]LogModuleManager: Shutting down and abandoning module DerivedDataCache (144)
[2017.10.20-16.03.56:971][137]LogDerivedDataCache: Shutdown
[2017.10.20-16.03.56:971][137]LogModuleManager: Shutting down and abandoning module TargetPlatform (142)
[2017.10.20-16.03.56:971][137]LogModuleManager: Shutting down and abandoning module VulkanShaderFormat (141)
[2017.10.20-16.03.56:971][137]LogModuleManager: Shutting down and abandoning module ShaderFormatVectorVM (139)
[2017.10.20-16.03.56:971][137]LogModuleManager: Shutting down and abandoning module ShaderFormatOpenGL (137)
[2017.10.20-16.03.56:971][137]LogModuleManager: Shutting down and abandoning module ShaderFormatD3D (135)
[2017.10.20-16.03.56:971][137]LogModuleManager: Shutting down and abandoning module MetalShaderFormat (133)
[2017.10.20-16.03.56:971][137]LogModuleManager: Shutting down and abandoning module TextureFormatUncompressed (131)
[2017.10.20-16.03.56:971][137]LogModuleManager: Shutting down and abandoning module TextureFormatPVR (129)
[2017.10.20-16.03.56:971][137]LogModuleManager: Shutting down and abandoning module TextureFormatDXT (127)
[2017.10.20-16.03.56:971][137]LogModuleManager: Shutting down and abandoning module TextureFormatIntelISPCTexComp (125)
[2017.10.20-16.03.56:971][137]LogModuleManager: Shutting down and abandoning module TextureFormatASTC (123)
[2017.10.20-16.03.56:971][137]LogModuleManager: Shutting down and abandoning module ImageWrapper (122)
[2017.10.20-16.03.56:971][137]LogModuleManager: Shutting down and abandoning module TextureFormatAndroid (119)
[2017.10.20-16.03.56:971][137]LogModuleManager: Shutting down and abandoning module AudioFormatOpus (117)
[2017.10.20-16.03.56:971][137]LogModuleManager: Shutting down and abandoning module AudioFormatOgg (115)
[2017.10.20-16.03.56:971][137]LogModuleManager: Shutting down and abandoning module AudioFormatADPCM (113)
[2017.10.20-16.03.56:971][137]LogModuleManager: Shutting down and abandoning module LinuxTargetPlatform (111)
[2017.10.20-16.03.56:971][137]LogModuleManager: Shutting down and abandoning module LinuxServerTargetPlatform (109)
[2017.10.20-16.03.56:971][137]LogModuleManager: Shutting down and abandoning module LinuxNoEditorTargetPlatform (107)
[2017.10.20-16.03.56:971][137]LogModuleManager: Shutting down and abandoning module LinuxClientTargetPlatform (105)
[2017.10.20-16.03.56:971][137]LogModuleManager: Shutting down and abandoning module TVOSTargetPlatform (103)
[2017.10.20-16.03.56:971][137]LogModuleManager: Shutting down and abandoning module Messaging (101)
[2017.10.20-16.03.56:971][137]LogModuleManager: Shutting down and abandoning module IOSTargetPlatform (99)
[2017.10.20-16.03.56:971][137]LogModuleManager: Shutting down and abandoning module HTML5TargetPlatform (97)
[2017.10.20-16.03.56:971][137]LogModuleManager: Shutting down and abandoning module Android_PVRTCTargetPlatform (95)
[2017.10.20-16.03.56:971][137]LogModuleManager: Shutting down and abandoning module Android_MultiTargetPlatform (93)
[2017.10.20-16.03.56:971][137]LogModuleManager: Shutting down and abandoning module Android_ETC2TargetPlatform (91)
[2017.10.20-16.03.56:971][137]LogModuleManager: Shutting down and abandoning module Android_ETC1TargetPlatform (89)
[2017.10.20-16.03.56:971][137]LogModuleManager: Shutting down and abandoning module Android_DXTTargetPlatform (87)
[2017.10.20-16.03.56:971][137]LogModuleManager: Shutting down and abandoning module Android_ATCTargetPlatform (85)
[2017.10.20-16.03.56:971][137]LogModuleManager: Shutting down and abandoning module Android_ASTCTargetPlatform (83)
[2017.10.20-16.03.56:971][137]LogModuleManager: Shutting down and abandoning module AndroidTargetPlatform (81)
[2017.10.20-16.03.56:971][137]LogModuleManager: Shutting down and abandoning module WindowsTargetPlatform (79)
[2017.10.20-16.03.56:971][137]LogModuleManager: Shutting down and abandoning module WindowsServerTargetPlatform (77)
[2017.10.20-16.03.56:971][137]LogModuleManager: Shutting down and abandoning module WindowsNoEditorTargetPlatform (75)
[2017.10.20-16.03.56:971][137]LogModuleManager: Shutting down and abandoning module WindowsClientTargetPlatform (73)
[2017.10.20-16.03.56:971][137]LogModuleManager: Shutting down and abandoning module MacTargetPlatform (71)
[2017.10.20-16.03.56:971][137]LogModuleManager: Shutting down and abandoning module MacServerTargetPlatform (69)
[2017.10.20-16.03.56:971][137]LogModuleManager: Shutting down and abandoning module MacNoEditorTargetPlatform (67)
[2017.10.20-16.03.56:971][137]LogModuleManager: Shutting down and abandoning module MacClientTargetPlatform (65)
[2017.10.20-16.03.56:971][137]LogModuleManager: Shutting down and abandoning module AllDesktopTargetPlatform (63)
[2017.10.20-16.03.56:971][137]LogModuleManager: Shutting down and abandoning module InputCore (60)
[2017.10.20-16.03.56:971][137]LogModuleManager: Shutting down and abandoning module Settings (58)
[2017.10.20-16.03.56:972][137]LogModuleManager: Shutting down and abandoning module PhysXCooking (56)
[2017.10.20-16.03.56:972][137]LogModuleManager: Shutting down and abandoning module SteamVR (54)
[2017.10.20-16.03.56:972][137]LogModuleManager: Shutting down and abandoning module OculusHMD (52)
[2017.10.20-16.03.56:972][137]LogModuleManager: Shutting down and abandoning module ExampleDeviceProfileSelector (50)
[2017.10.20-16.03.56:972][137]LogModuleManager: Shutting down and abandoning module OnlineBlueprintSupport (48)
[2017.10.20-16.03.56:972][137]LogModuleManager: Shutting down and abandoning module OnlineSubsystem (44)
[2017.10.20-16.03.56:972][137]LogOnline: Display: Unloading online subsystem: NULL
[2017.10.20-16.03.56:972][137]LogModuleManager: Shutting down and abandoning module XMPP (43)
[2017.10.20-16.03.56:972][137]LogModuleManager: Shutting down and abandoning module HTTP (41)
[2017.10.20-16.03.56:972][137]LogHttp: Display: Http module shutting down, but needs to wait on 2 outstanding Http requests:
[2017.10.20-16.03.56:972][137]LogHttp: Display: 	verb=[POST] url=[https://datarouter.ol.epicgames.com/datarouter/api/v1/public/data?SessionID=%7B36DAE58D-4555-CB0F-8B34-0F81A28841BA%7D&AppID=UEEditor.Rocket.Release&AppVersion=4.17.2-3658906%2B%2B%2BUE4%2BRelease-4.17&UserID=e198223542984ebdbd9779bc8bcf4c55%7Cc45a359d780f450fac3bb0cba303beb0%7Cd5b091bc-688d-4f8a-b9c9-c9ebdc85bbbd&AppEnvironment=datacollector-binary&UploadType=eteventstream] status=Processing
[2017.10.20-16.03.56:972][137]LogHttp: Display: 	verb=[POST] url=[https://datarouter.ol.epicgames.com/datarouter/api/v1/public/data?SessionID=%7B36DAE58D-4555-CB0F-8B34-0F81A28841BA%7D&AppID=UEEditor.Rocket.Release&AppVersion=4.17.2-3658906%2B%2B%2BUE4%2BRelease-4.17&UserID=e198223542984ebdbd9779bc8bcf4c55%7Cc45a359d780f450fac3bb0cba303beb0%7Cd5b091bc-688d-4f8a-b9c9-c9ebdc85bbbd&AppEnvironment=datacollector-binary&UploadType=eteventstream] status=Processing
[2017.10.20-16.03.56:983][137]LogModuleManager: Shutting down and abandoning module SSL (40)
[2017.10.20-16.03.56:984][137]LogModuleManager: Shutting down and abandoning module AnimationModifiers (36)
[2017.10.20-16.03.56:984][137]LogModuleManager: Shutting down and abandoning module PropertyEditor (35)
[2017.10.20-16.03.56:984][137]LogModuleManager: Shutting down and abandoning module AudioEditor (32)
[2017.10.20-16.03.56:984][137]LogModuleManager: Shutting down and abandoning module TextureCompressor (30)
[2017.10.20-16.03.56:984][137]LogModuleManager: Shutting down and abandoning module ShaderCore (28)
[2017.10.20-16.03.56:984][137]LogModuleManager: Shutting down and abandoning module Landscape (26)
[2017.10.20-16.03.56:984][137]LogModuleManager: Shutting down and abandoning module SlateRHIRenderer (24)
[2017.10.20-16.03.56:986][137]LogModuleManager: Shutting down and abandoning module OpenGLDrv (22)
[2017.10.20-16.03.56:986][137]LogModuleManager: Shutting down and abandoning module D3D11RHI (20)
[2017.10.20-16.03.56:986][137]LogModuleManager: Shutting down and abandoning module AnimGraphRuntime (18)
[2017.10.20-16.03.56:986][137]LogModuleManager: Shutting down and abandoning module Renderer (16)
[2017.10.20-16.03.56:986][137]LogModuleManager: Shutting down and abandoning module Engine (14)
[2017.10.20-16.03.56:986][137]LogModuleManager: Shutting down and abandoning module CoreUObject (12)
[2017.10.20-16.03.56:986][137]LogModuleManager: Shutting down and abandoning module NetworkFile (10)
[2017.10.20-16.03.56:986][137]LogModuleManager: Shutting down and abandoning module CookedIterativeFile (8)
[2017.10.20-16.03.56:986][137]LogModuleManager: Shutting down and abandoning module StreamingFile (6)
[2017.10.20-16.03.56:986][137]LogModuleManager: Shutting down and abandoning module SandboxFile (4)
[2017.10.20-16.03.56:986][137]LogModuleManager: Shutting down and abandoning module PakFile (2)
[2017.10.20-16.03.56:989][137]LogExit: Exiting.
[2017.10.20-16.03.57:000][137]Log file closed, 10/21/17 01:03:57
